<?xml version="1.0" encoding="UTF-8"?>
<testng-results skipped="0" failed="0" total="1" passed="1">
  <reporter-output>
  </reporter-output>
  <suite name="Suite" duration-ms="22683" started-at="2017-06-17T15:50:53Z" finished-at="2017-06-17T15:51:16Z">
    <groups>
    </groups>
    <test name="Test" duration-ms="22683" started-at="2017-06-17T15:50:53Z" finished-at="2017-06-17T15:51:16Z">
      <class name="com.Browsersetup.Login">
        <test-method status="PASS" signature="launchBrowser()[pri:0, instance:com.Browsersetup.Login@1810399e]" name="launchBrowser" duration-ms="22636" started-at="2017-06-17T21:20:53Z" finished-at="2017-06-17T21:21:16Z">
          <reporter-output>
          </reporter-output>
        </test-method> <!-- launchBrowser -->
      </class> <!-- com.Browsersetup.Login -->
    </test> <!-- Test -->
  </suite> <!-- Suite -->
</testng-results>
